<?xml version="1.0" encoding="utf-8"?>
<coverage line-rate="0.9024" branch-rate="0.7741" version="1.9" timestamp="1785290318" lines-covered="638" lines-valid="707" branches-covered="48" branches-valid="62">
  <sources>
    <source>D:\AspNetCore\DeviceManagement\DeviceManagement.Api\</source>
  </sources>
  <packages>
    <package name="DeviceManagement.Api" line-rate="0.9024" branch-rate="0.7741" complexity="168">
      <classes>
        <class name="DeviceManagement.Api.Program/&lt;&gt;c" filename="Program.cs" line-rate="0.4375" branch-rate="0.5" complexity="13">
          <methods>
            <method name="&lt;Main&gt;b__0_1" signature="(Swashbuckle.AspNetCore.SwaggerGen.SwaggerGenOptions)" line-rate="0.035699999999999996" branch-rate="1" complexity="1">
              <lines>
                <line number="66" hits="0" branch="False" />
                <line number="67" hits="0" branch="False" />
                <line number="68" hits="0" branch="False" />
                <line number="69" hits="0" branch="False" />
                <line number="70" hits="0" branch="False" />
                <line number="71" hits="0" branch="False" />
                <line number="72" hits="0" branch="False" />
                <line number="73" hits="0" branch="False" />
                <line number="74" hits="0" branch="False" />
                <line number="75" hits="0" branch="False" />
                <line number="76" hits="0" branch="False" />
                <line number="77" hits="0" branch="False" />
                <line number="79" hits="0" branch="False" />
                <line number="80" hits="0" branch="False" />
                <line number="81" hits="0" branch="False" />
                <line number="82" hits="0" branch="False" />
                <line number="83" hits="0" branch="False" />
                <line number="84" hits="0" branch="False" />
                <line number="85" hits="0" branch="False" />
                <line number="86" hits="0" branch="False" />
                <line number="87" hits="0" branch="False" />
                <line number="88" hits="0" branch="False" />
                <line number="89" hits="0" branch="False" />
                <line number="90" hits="0" branch="False" />
                <line number="91" hits="0" branch="False" />
                <line number="92" hits="0" branch="False" />
                <line number="93" hits="0" branch="False" />
                <line number="94" hits="8" branch="False" />
              </lines>
            </method>
            <method name="&lt;Main&gt;b__0_2" signature="(Microsoft.EntityFrameworkCore.DbContextOptionsBuilder)" line-rate="1" branch-rate="1" complexity="1">
              <lines>
                <line number="104" hits="161" branch="False" />
                <line number="105" hits="161" branch="False" />
                <line number="106" hits="161" branch="False" />
                <line number="107" hits="169" branch="False" />
              </lines>
            </method>
            <method name="&lt;Main&gt;b__0_4" signature="(Microsoft.AspNetCore.Mvc.ApiBehaviorOptions)" line-rate="1" branch-rate="1" complexity="1">
              <lines>
                <line number="127" hits="8" branch="False" />
                <line number="128" hits="8" branch="False" />
                <line number="129" hits="14" branch="False" />
                <line number="130" hits="14" branch="False" />
                <line number="131" hits="22" branch="False" />
                <line number="132" hits="14" branch="False" />
                <line number="133" hits="15" branch="False" />
                <line number="134" hits="32" branch="False" />
                <line number="135" hits="29" branch="False" />
                <line number="136" hits="8" branch="False" />
                <line number="137" hits="14" branch="False" />
                <line number="138" hits="14" branch="False" />
                <line number="139" hits="8" branch="False" />
                <line number="140" hits="14" branch="False" />
                <line number="141" hits="22" branch="False" />
                <line number="142" hits="16" branch="False" />
              </lines>
            </method>
          </methods>
          <lines>
            <line number="66" hits="0" branch="False" />
            <line number="67" hits="0" branch="False" />
            <line number="68" hits="0" branch="False" />
            <line number="69" hits="0" branch="False" />
            <line number="70" hits="0" branch="False" />
            <line number="71" hits="0" branch="False" />
            <line number="72" hits="0" branch="False" />
            <line number="73" hits="0" branch="False" />
            <line number="74" hits="0" branch="False" />
            <line number="75" hits="0" branch="False" />
            <line number="76" hits="0" branch="False" />
            <line number="77" hits="0" branch="False" />
            <line number="79" hits="0" branch="False" />
            <line number="80" hits="0" branch="False" />
            <line number="81" hits="0" branch="False" />
            <line number="82" hits="0" branch="False" />
            <line number="83" hits="0" branch="False" />
            <line number="84" hits="0" branch="False" />
            <line number="85" hits="0" branch="False" />
            <line number="86" hits="0" branch="False" />
            <line number="87" hits="0" branch="False" />
            <line number="88" hits="0" branch="False" />
            <line number="89" hits="0" branch="False" />
            <line number="90" hits="0" branch="False" />
            <line number="91" hits="0" branch="False" />
            <line number="92" hits="0" branch="False" />
            <line number="93" hits="0" branch="False" />
            <line number="94" hits="8" branch="False" />
            <line number="104" hits="161" branch="False" />
            <line number="105" hits="161" branch="False" />
            <line number="106" hits="161" branch="False" />
            <line number="107" hits="169" branch="False" />
            <line number="127" hits="8" branch="False" />
            <line number="128" hits="8" branch="False" />
            <line number="129" hits="14" branch="False" />
            <line number="130" hits="14" branch="False" />
            <line number="131" hits="22" branch="False" />
            <line number="132" hits="14" branch="False" />
            <line number="133" hits="15" branch="False" />
            <line number="134" hits="32" branch="False" />
            <line number="135" hits="29" branch="False" />
            <line number="136" hits="8" branch="False" />
            <line number="137" hits="14" branch="False" />
            <line number="138" hits="14" branch="False" />
            <line number="139" hits="8" branch="False" />
            <line number="140" hits="14" branch="False" />
            <line number="141" hits="22" branch="False" />
            <line number="142" hits="16" branch="False" />
          </lines>
        </class>
        <class name="DeviceManagement.Api.Program/&lt;&gt;c__DisplayClass0_0" filename="Program.cs" line-rate="0.8823000000000001" branch-rate="1" complexity="2">
          <methods>
            <method name="&lt;Main&gt;b__0" signature="(Microsoft.AspNetCore.Authentication.JwtBearer.JwtBearerOptions)" line-rate="1" branch-rate="1" complexity="1">
              <lines>
                <line number="49" hits="8" branch="False" />
                <line number="50" hits="8" branch="False" />
                <line number="51" hits="8" branch="False" />
                <line number="52" hits="8" branch="False" />
                <line number="53" hits="8" branch="False" />
                <line number="54" hits="8" branch="False" />
                <line number="55" hits="8" branch="False" />
                <line number="56" hits="8" branch="False" />
                <line number="57" hits="8" branch="False" />
                <line number="58" hits="8" branch="False" />
                <line number="59" hits="8" branch="False" />
                <line number="60" hits="8" branch="False" />
                <line number="61" hits="8" branch="False" />
                <line number="62" hits="8" branch="False" />
                <line number="63" hits="16" branch="False" />
              </lines>
            </method>
            <method name="&lt;Main&gt;b__3" signature="(Microsoft.EntityFrameworkCore.DbContextOptionsBuilder)" line-rate="0" branch-rate="1" complexity="1">
              <lines>
                <line number="112" hits="0" branch="False" />
                <line number="113" hits="0" branch="False" />
              </lines>
            </method>
          </methods>
          <lines>
            <line number="49" hits="8" branch="False" />
            <line number="50" hits="8" branch="False" />
            <line number="51" hits="8" branch="False" />
            <line number="52" hits="8" branch="False" />
            <line number="53" hits="8" branch="False" />
            <line number="54" hits="8" branch="False" />
            <line number="55" hits="8" branch="False" />
            <line number="56" hits="8" branch="False" />
            <line number="57" hits="8" branch="False" />
            <line number="58" hits="8" branch="False" />
            <line number="59" hits="8" branch="False" />
            <line number="60" hits="8" branch="False" />
            <line number="61" hits="8" branch="False" />
            <line number="62" hits="8" branch="False" />
            <line number="63" hits="16" branch="False" />
            <line number="112" hits="0" branch="False" />
            <line number="113" hits="0" branch="False" />
          </lines>
        </class>
        <class name="DeviceManagement.Api.Program/&lt;Main&gt;d__0" filename="Program.cs" line-rate="0.84" branch-rate="0.5" complexity="4">
          <methods>
            <method name="MoveNext" signature="()" line-rate="0.84" branch-rate="0.5" complexity="4">
              <lines>
                <line number="25" hits="8" branch="False" />
                <line number="26" hits="8" branch="False" />
                <line number="27" hits="8" branch="False" />
                <line number="28" hits="8" branch="False" />
                <line number="29" hits="8" branch="False" />
                <line number="30" hits="8" branch="False" />
                <line number="32" hits="8" branch="False" />
                <line number="34" hits="8" branch="False" />
                <line number="36" hits="8" branch="False" />
                <line number="38" hits="8" branch="False" />
                <line number="41" hits="8" branch="False" />
                <line number="43" hits="8" branch="False" />
                <line number="45" hits="8" branch="False" />
                <line number="46" hits="8" branch="False" />
                <line number="47" hits="8" branch="False" />
                <line number="48" hits="8" branch="False" />
                <line number="65" hits="8" branch="False" />
                <line number="78" hits="8" branch="False" />
                <line number="97" hits="8" branch="False" />
                <line number="98" hits="8" branch="False" />
                <line number="99" hits="8" branch="False" />
                <line number="101" hits="8" branch="True" condition-coverage="50% (1/2)">
                  <conditions>
                    <condition number="507" type="jump" coverage="50%" />
                  </conditions>
                </line>
                <line number="102" hits="8" branch="False" />
                <line number="103" hits="8" branch="False" />
                <line number="108" hits="8" branch="False" />
                <line number="110" hits="0" branch="False" />
                <line number="111" hits="0" branch="False" />
                <line number="114" hits="0" branch="False" />
                <line number="116" hits="8" branch="False" />
                <line number="119" hits="8" branch="False" />
                <line number="120" hits="8" branch="False" />
                <line number="121" hits="8" branch="False" />
                <line number="123" hits="8" branch="False" />
                <line number="124" hits="8" branch="False" />
                <line number="126" hits="8" branch="False" />
                <line number="147" hits="8" branch="False" />
                <line number="149" hits="8" branch="False" />
                <line number="152" hits="8" branch="True" condition-coverage="50% (1/2)">
                  <conditions>
                    <condition number="843" type="jump" coverage="50%" />
                  </conditions>
                </line>
                <line number="153" hits="0" branch="False" />
                <line number="154" hits="0" branch="False" />
                <line number="155" hits="0" branch="False" />
                <line number="156" hits="0" branch="False" />
                <line number="157" hits="0" branch="False" />
                <line number="161" hits="8" branch="False" />
                <line number="163" hits="8" branch="False" />
                <line number="164" hits="8" branch="False" />
                <line number="166" hits="8" branch="False" />
                <line number="169" hits="8" branch="False" />
                <line number="171" hits="8" branch="False" />
                <line number="172" hits="8" branch="False" />
              </lines>
            </method>
          </methods>
          <lines>
            <line number="25" hits="8" branch="False" />
            <line number="26" hits="8" branch="False" />
            <line number="27" hits="8" branch="False" />
            <line number="28" hits="8" branch="False" />
            <line number="29" hits="8" branch="False" />
            <line number="30" hits="8" branch="False" />
            <line number="32" hits="8" branch="False" />
            <line number="34" hits="8" branch="False" />
            <line number="36" hits="8" branch="False" />
            <line number="38" hits="8" branch="False" />
            <line number="41" hits="8" branch="False" />
            <line number="43" hits="8" branch="False" />
            <line number="45" hits="8" branch="False" />
            <line number="46" hits="8" branch="False" />
            <line number="47" hits="8" branch="False" />
            <line number="48" hits="8" branch="False" />
            <line number="65" hits="8" branch="False" />
            <line number="78" hits="8" branch="False" />
            <line number="97" hits="8" branch="False" />
            <line number="98" hits="8" branch="False" />
            <line number="99" hits="8" branch="False" />
            <line number="101" hits="8" branch="True" condition-coverage="50% (1/2)">
              <conditions>
                <condition number="507" type="jump" coverage="50%" />
              </conditions>
            </line>
            <line number="102" hits="8" branch="False" />
            <line number="103" hits="8" branch="False" />
            <line number="108" hits="8" branch="False" />
            <line number="110" hits="0" branch="False" />
            <line number="111" hits="0" branch="False" />
            <line number="114" hits="0" branch="False" />
            <line number="116" hits="8" branch="False" />
            <line number="119" hits="8" branch="False" />
            <line number="120" hits="8" branch="False" />
            <line number="121" hits="8" branch="False" />
            <line number="123" hits="8" branch="False" />
            <line number="124" hits="8" branch="False" />
            <line number="126" hits="8" branch="False" />
            <line number="147" hits="8" branch="False" />
            <line number="149" hits="8" branch="False" />
            <line number="152" hits="8" branch="True" condition-coverage="50% (1/2)">
              <conditions>
                <condition number="843" type="jump" coverage="50%" />
              </conditions>
            </line>
            <line number="153" hits="0" branch="False" />
            <line number="154" hits="0" branch="False" />
            <line number="155" hits="0" branch="False" />
            <line number="156" hits="0" branch="False" />
            <line number="157" hits="0" branch="False" />
            <line number="161" hits="8" branch="False" />
            <line number="163" hits="8" branch="False" />
            <line number="164" hits="8" branch="False" />
            <line number="166" hits="8" branch="False" />
            <line number="169" hits="8" branch="False" />
            <line number="171" hits="8" branch="False" />
            <line number="172" hits="8" branch="False" />
          </lines>
        </class>
        <class name="DeviceManagement.Api.WeatherForecast" filename="WeatherForecast.cs" line-rate="0" branch-rate="1" complexity="4">
          <methods>
            <method name="get_Date" signature="()" line-rate="0" branch-rate="1" complexity="1">
              <lines>
                <line number="5" hits="0" branch="False" />
              </lines>
            </method>
            <method name="get_TemperatureC" signature="()" line-rate="0" branch-rate="1" complexity="1">
              <lines>
                <line number="7" hits="0" branch="False" />
              </lines>
            </method>
            <method name="get_TemperatureF" signature="()" line-rate="0" branch-rate="1" complexity="1">
              <lines>
                <line number="9" hits="0" branch="False" />
              </lines>
            </method>
            <method name="get_Summary" signature="()" line-rate="0" branch-rate="1" complexity="1">
              <lines>
                <line number="11" hits="0" branch="False" />
              </lines>
            </method>
          </methods>
          <lines>
            <line number="5" hits="0" branch="False" />
            <line number="7" hits="0" branch="False" />
            <line number="9" hits="0" branch="False" />
            <line number="11" hits="0" branch="False" />
          </lines>
        </class>
        <class name="DeviceManagement.Api.Validators.CreateDeviceDtoValidator" filename="Validators\CreateDeviceDtoValidator.cs" line-rate="1" branch-rate="1" complexity="1">
          <methods>
            <method name=".ctor" signature="()" line-rate="1" branch-rate="1" complexity="1">
              <lines>
                <line number="8" hits="68" branch="False" />
                <line number="9" hits="34" branch="False" />
                <line number="10" hits="34" branch="False" />
                <line number="11" hits="34" branch="False" />
                <line number="12" hits="34" branch="False" />
                <line number="13" hits="34" branch="False" />
                <line number="15" hits="34" branch="False" />
                <line number="16" hits="34" branch="False" />
                <line number="18" hits="34" branch="False" />
                <line number="19" hits="34" branch="False" />
                <line number="21" hits="34" branch="False" />
                <line number="22" hits="34" branch="False" />
                <line number="23" hits="34" branch="False" />
              </lines>
            </method>
          </methods>
          <lines>
            <line number="8" hits="68" branch="False" />
            <line number="9" hits="34" branch="False" />
            <line number="10" hits="34" branch="False" />
            <line number="11" hits="34" branch="False" />
            <line number="12" hits="34" branch="False" />
            <line number="13" hits="34" branch="False" />
            <line number="15" hits="34" branch="False" />
            <line number="16" hits="34" branch="False" />
            <line number="18" hits="34" branch="False" />
            <line number="19" hits="34" branch="False" />
            <line number="21" hits="34" branch="False" />
            <line number="22" hits="34" branch="False" />
            <line number="23" hits="34" branch="False" />
          </lines>
        </class>
        <class name="DeviceManagement.Api.Validators.LoginRequestDtoValidator" filename="Validators\LoginRequestDtoValidator.cs" line-rate="1" branch-rate="1" complexity="1">
          <methods>
            <method name=".ctor" signature="()" line-rate="1" branch-rate="1" complexity="1">
              <lines>
                <line number="9" hits="52" branch="False" />
                <line number="10" hits="52" branch="False" />
                <line number="11" hits="52" branch="False" />
                <line number="12" hits="52" branch="False" />
                <line number="13" hits="52" branch="False" />
                <line number="15" hits="52" branch="False" />
                <line number="16" hits="52" branch="False" />
                <line number="17" hits="52" branch="False" />
                <line number="18" hits="52" branch="False" />
              </lines>
            </method>
          </methods>
          <lines>
            <line number="9" hits="52" branch="False" />
            <line number="10" hits="52" branch="False" />
            <line number="11" hits="52" branch="False" />
            <line number="12" hits="52" branch="False" />
            <line number="13" hits="52" branch="False" />
            <line number="15" hits="52" branch="False" />
            <line number="16" hits="52" branch="False" />
            <line number="17" hits="52" branch="False" />
            <line number="18" hits="52" branch="False" />
          </lines>
        </class>
        <class name="DeviceManagement.Api.Validators.UpdateDeviceDtoValidator" filename="Validators\UpdateDeviceDtoValidator.cs" line-rate="1" branch-rate="1" complexity="1">
          <methods>
            <method name=".ctor" signature="()" line-rate="1" branch-rate="1" complexity="1">
              <lines>
                <line number="8" hits="12" branch="False" />
                <line number="9" hits="12" branch="False" />
                <line number="10" hits="12" branch="False" />
                <line number="11" hits="12" branch="False" />
                <line number="12" hits="12" branch="False" />
                <line number="13" hits="12" branch="False" />
                <line number="14" hits="12" branch="False" />
                <line number="16" hits="12" branch="False" />
                <line number="17" hits="12" branch="False" />
                <line number="19" hits="12" branch="False" />
                <line number="20" hits="12" branch="False" />
                <line number="22" hits="12" branch="False" />
                <line number="23" hits="12" branch="False" />
                <line number="24" hits="12" branch="False" />
              </lines>
            </method>
          </methods>
          <lines>
            <line number="8" hits="12" branch="False" />
            <line number="9" hits="12" branch="False" />
            <line number="10" hits="12" branch="False" />
            <line number="11" hits="12" branch="False" />
            <line number="12" hits="12" branch="False" />
            <line number="13" hits="12" branch="False" />
            <line number="14" hits="12" branch="False" />
            <line number="16" hits="12" branch="False" />
            <line number="17" hits="12" branch="False" />
            <line number="19" hits="12" branch="False" />
            <line number="20" hits="12" branch="False" />
            <line number="22" hits="12" branch="False" />
            <line number="23" hits="12" branch="False" />
            <line number="24" hits="12" branch="False" />
          </lines>
        </class>
        <class name="DeviceManagement.Api.TestSupport.TestExceptionController" filename="TestSupport\TestExceptionController.cs" line-rate="1" branch-rate="1" complexity="4">
          <methods>
            <method name="Validation" signature="()" line-rate="1" branch-rate="1" complexity="1">
              <lines>
                <line number="17" hits="1" branch="False" />
                <line number="18" hits="1" branch="False" />
              </lines>
            </method>
            <method name="NotFoundException" signature="()" line-rate="1" branch-rate="1" complexity="1">
              <lines>
                <line number="23" hits="1" branch="False" />
                <line number="24" hits="1" branch="False" />
              </lines>
            </method>
            <method name="Conflict" signature="()" line-rate="1" branch-rate="1" complexity="1">
              <lines>
                <line number="30" hits="1" branch="False" />
                <line number="31" hits="1" branch="False" />
              </lines>
            </method>
            <method name="Unknown" signature="()" line-rate="1" branch-rate="1" complexity="1">
              <lines>
                <line number="36" hits="1" branch="False" />
                <line number="37" hits="1" branch="False" />
              </lines>
            </method>
          </methods>
          <lines>
            <line number="17" hits="1" branch="False" />
            <line number="18" hits="1" branch="False" />
            <line number="23" hits="1" branch="False" />
            <line number="24" hits="1" branch="False" />
            <line number="30" hits="1" branch="False" />
            <line number="31" hits="1" branch="False" />
            <line number="36" hits="1" branch="False" />
            <line number="37" hits="1" branch="False" />
          </lines>
        </class>
        <class name="DeviceManagement.Api.Services.AuthService" filename="Services\AuthService.cs" line-rate="1" branch-rate="1" complexity="1">
          <methods>
            <method name=".ctor" signature="(Microsoft.Extensions.Logging.ILogger`1&lt;DeviceManagement.Api.Services.AuthService&gt;,DeviceManagement.Api.Data.AppDbContext,AutoMapper.IMapper,DeviceManagement.Api.Services.Interfaces.IJwtService)" line-rate="1" branch-rate="1" complexity="1">
              <lines>
                <line number="18" hits="52" branch="False" />
                <line number="19" hits="52" branch="False" />
                <line number="20" hits="52" branch="False" />
                <line number="21" hits="52" branch="False" />
                <line number="22" hits="52" branch="False" />
                <line number="23" hits="52" branch="False" />
                <line number="24" hits="52" branch="False" />
                <line number="25" hits="52" branch="False" />
                <line number="26" hits="52" branch="False" />
                <line number="27" hits="52" branch="False" />
                <line number="28" hits="52" branch="False" />
              </lines>
            </method>
          </methods>
          <lines>
            <line number="18" hits="52" branch="False" />
            <line number="19" hits="52" branch="False" />
            <line number="20" hits="52" branch="False" />
            <line number="21" hits="52" branch="False" />
            <line number="22" hits="52" branch="False" />
            <line number="23" hits="52" branch="False" />
            <line number="24" hits="52" branch="False" />
            <line number="25" hits="52" branch="False" />
            <line number="26" hits="52" branch="False" />
            <line number="27" hits="52" branch="False" />
            <line number="28" hits="52" branch="False" />
          </lines>
        </class>
        <class name="DeviceManagement.Api.Services.AuthService/&lt;LoginAsync&gt;d__5" filename="Services\AuthService.cs" line-rate="1" branch-rate="1" complexity="4">
          <methods>
            <method name="MoveNext" signature="()" line-rate="1" branch-rate="1" complexity="4">
              <lines>
                <line number="31" hits="51" branch="False" />
                <line number="32" hits="51" branch="False" />
                <line number="35" hits="51" branch="False" />
                <line number="36" hits="51" branch="False" />
                <line number="38" hits="51" branch="True" condition-coverage="100% (2/2)">
                  <conditions>
                    <condition number="401" type="jump" coverage="100%" />
                  </conditions>
                </line>
                <line number="39" hits="1" branch="False" />
                <line number="40" hits="1" branch="False" />
                <line number="41" hits="1" branch="False" />
                <line number="42" hits="1" branch="False" />
                <line number="44" hits="1" branch="False" />
                <line number="45" hits="1" branch="False" />
                <line number="48" hits="50" branch="True" condition-coverage="100% (2/2)">
                  <conditions>
                    <condition number="503" type="jump" coverage="100%" />
                  </conditions>
                </line>
                <line number="49" hits="1" branch="False" />
                <line number="50" hits="1" branch="False" />
                <line number="51" hits="1" branch="False" />
                <line number="52" hits="1" branch="False" />
                <line number="54" hits="1" branch="False" />
                <line number="55" hits="1" branch="False" />
                <line number="58" hits="49" branch="False" />
                <line number="59" hits="49" branch="False" />
                <line number="60" hits="49" branch="False" />
                <line number="61" hits="49" branch="False" />
                <line number="71" hits="49" branch="False" />
                <line number="73" hits="49" branch="False" />
              </lines>
            </method>
          </methods>
          <lines>
            <line number="31" hits="51" branch="False" />
            <line number="32" hits="51" branch="False" />
            <line number="35" hits="51" branch="False" />
            <line number="36" hits="51" branch="False" />
            <line number="38" hits="51" branch="True" condition-coverage="100% (2/2)">
              <conditions>
                <condition number="401" type="jump" coverage="100%" />
              </conditions>
            </line>
            <line number="39" hits="1" branch="False" />
            <line number="40" hits="1" branch="False" />
            <line number="41" hits="1" branch="False" />
            <line number="42" hits="1" branch="False" />
            <line number="44" hits="1" branch="False" />
            <line number="45" hits="1" branch="False" />
            <line number="48" hits="50" branch="True" condition-coverage="100% (2/2)">
              <conditions>
                <condition number="503" type="jump" coverage="100%" />
              </conditions>
            </line>
            <line number="49" hits="1" branch="False" />
            <line number="50" hits="1" branch="False" />
            <line number="51" hits="1" branch="False" />
            <line number="52" hits="1" branch="False" />
            <line number="54" hits="1" branch="False" />
            <line number="55" hits="1" branch="False" />
            <line number="58" hits="49" branch="False" />
            <line number="59" hits="49" branch="False" />
            <line number="60" hits="49" branch="False" />
            <line number="61" hits="49" branch="False" />
            <line number="71" hits="49" branch="False" />
            <line number="73" hits="49" branch="False" />
          </lines>
        </class>
        <class name="DeviceManagement.Api.Services.ConflictException" filename="Services\ConflictException.cs" line-rate="0.3333" branch-rate="1" complexity="3">
          <methods>
            <method name=".ctor" signature="()" line-rate="0" branch-rate="1" complexity="1">
              <lines>
                <line number="7" hits="0" branch="False" />
                <line number="8" hits="0" branch="False" />
                <line number="9" hits="0" branch="False" />
              </lines>
            </method>
            <method name=".ctor" signature="(System.String)" line-rate="1" branch-rate="1" complexity="1">
              <lines>
                <line number="11" hits="3" branch="False" />
                <line number="12" hits="3" branch="False" />
                <line number="13" hits="3" branch="False" />
              </lines>
            </method>
            <method name=".ctor" signature="(System.String,System.Exception)" line-rate="0" branch-rate="1" complexity="1">
              <lines>
                <line number="15" hits="0" branch="False" />
                <line number="16" hits="0" branch="False" />
                <line number="17" hits="0" branch="False" />
              </lines>
            </method>
          </methods>
          <lines>
            <line number="7" hits="0" branch="False" />
            <line number="8" hits="0" branch="False" />
            <line number="9" hits="0" branch="False" />
            <line number="11" hits="3" branch="False" />
            <line number="12" hits="3" branch="False" />
            <line number="13" hits="3" branch="False" />
            <line number="15" hits="0" branch="False" />
            <line number="16" hits="0" branch="False" />
            <line number="17" hits="0" branch="False" />
          </lines>
        </class>
        <class name="DeviceManagement.Api.Services.DeviceService" filename="Services\DeviceService.cs" line-rate="0.9101" branch-rate="0.8055" complexity="40">
          <methods>
            <method name="AddDevice" signature="(DeviceManagement.Api.DTOs.CreateDeviceDto)" line-rate="1" branch-rate="1" complexity="6">
              <lines>
                <line number="33" hits="28" branch="False" />
                <line number="35" hits="28" branch="False" />
                <line number="36" hits="28" branch="False" />
                <line number="37" hits="28" branch="False" />
                <line number="38" hits="28" branch="False" />
                <line number="39" hits="28" branch="True" condition-coverage="100% (2/2)">
                  <conditions>
                    <condition number="184" type="jump" coverage="100%" />
                  </conditions>
                </line>
                <line number="40" hits="1" branch="False" />
                <line number="41" hits="1" branch="False" />
                <line number="44" hits="27" branch="False" />
                <line number="45" hits="27" branch="False" />
                <line number="46" hits="27" branch="False" />
                <line number="47" hits="27" branch="False" />
                <line number="48" hits="27" branch="False" />
                <line number="49" hits="27" branch="False" />
                <line number="50" hits="27" branch="False" />
                <line number="51" hits="27" branch="False" />
                <line number="54" hits="27" branch="False" />
                <line number="55" hits="27" branch="False" />
                <line number="56" hits="27" branch="True" condition-coverage="100% (2/2)">
                  <conditions>
                    <condition number="451" type="jump" coverage="100%" />
                  </conditions>
                </line>
                <line number="57" hits="1" branch="False" />
                <line number="58" hits="1" branch="False" />
                <line number="61" hits="26" branch="False" />
                <line number="62" hits="26" branch="False" />
                <line number="63" hits="26" branch="True" condition-coverage="100% (2/2)">
                  <conditions>
                    <condition number="621" type="jump" coverage="100%" />
                  </conditions>
                </line>
                <line number="64" hits="1" branch="False" />
                <line number="65" hits="1" branch="False" />
                <line number="68" hits="25" branch="False" />
                <line number="69" hits="25" branch="False" />
                <line number="71" hits="25" branch="False" />
                <line number="72" hits="25" branch="False" />
                <line number="73" hits="25" branch="False" />
                <line number="74" hits="25" branch="False" />
                <line number="76" hits="25" branch="False" />
                <line number="78" hits="25" branch="False" />
              </lines>
            </method>
            <method name="Create" signature="(DeviceManagement.Api.Models.Device)" line-rate="0" branch-rate="1" complexity="1">
              <lines>
                <line number="81" hits="0" branch="False" />
                <line number="83" hits="0" branch="False" />
              </lines>
            </method>
            <method name="Delete" signature="(System.Int64)" line-rate="0" branch-rate="1" complexity="1">
              <lines>
                <line number="87" hits="0" branch="False" />
                <line number="88" hits="0" branch="False" />
              </lines>
            </method>
            <method name="DeleteDevice" signature="(System.Int64)" line-rate="0.8461" branch-rate="0.75" complexity="4">
              <lines>
                <line number="92" hits="6" branch="False" />
                <line number="93" hits="6" branch="False" />
                <line number="94" hits="6" branch="True" condition-coverage="100% (2/2)">
                  <conditions>
                    <condition number="130" type="jump" coverage="100%" />
                  </conditions>
                </line>
                <line number="95" hits="2" branch="False" />
                <line number="96" hits="2" branch="False" />
                <line number="98" hits="4" branch="True" condition-coverage="50% (1/2)">
                  <conditions>
                    <condition number="148" type="jump" coverage="50%" />
                  </conditions>
                </line>
                <line number="99" hits="0" branch="False" />
                <line number="100" hits="0" branch="False" />
                <line number="104" hits="4" branch="False" />
                <line number="105" hits="4" branch="False" />
                <line number="107" hits="4" branch="False" />
                <line number="108" hits="4" branch="False" />
                <line number="109" hits="6" branch="False" />
              </lines>
            </method>
            <method name="GetById" signature="(System.Int64)" line-rate="0" branch-rate="1" complexity="1">
              <lines>
                <line number="112" hits="0" branch="False" />
                <line number="113" hits="0" branch="False" />
              </lines>
            </method>
            <method name="ApplySorting" signature="(System.Linq.IQueryable`1&lt;DeviceManagement.Api.Models.Device&gt;,DeviceManagement.Api.Models.DeviceQuery)" line-rate="0.7857" branch-rate="0.6" complexity="10">
              <lines>
                <line number="119" hits="16" branch="False" />
                <line number="120" hits="16" branch="True" condition-coverage="83.33% (5/6)">
                  <conditions>
                    <condition number="8" type="jump" coverage="100%" />
                    <condition number="35" type="jump" coverage="100%" />
                    <condition number="48" type="jump" coverage="50%" />
                  </conditions>
                </line>
                <line number="121" hits="16" branch="False" />
                <line number="122" hits="1" branch="True" condition-coverage="50% (1/2)">
                  <conditions>
                    <condition number="64" type="jump" coverage="50%" />
                  </conditions>
                </line>
                <line number="123" hits="1" branch="False" />
                <line number="124" hits="1" branch="False" />
                <line number="125" hits="16" branch="False" />
                <line number="126" hits="0" branch="True" condition-coverage="0% (0/2)">
                  <conditions>
                    <condition number="206" type="jump" coverage="0%" />
                  </conditions>
                </line>
                <line number="127" hits="0" branch="False" />
                <line number="128" hits="0" branch="False" />
                <line number="129" hits="16" branch="False" />
                <line number="130" hits="15" branch="False" />
                <line number="131" hits="16" branch="False" />
                <line number="132" hits="16" branch="False" />
              </lines>
            </method>
            <method name="GetDevices" signature="(DeviceManagement.Api.Models.DeviceQuery)" line-rate="1" branch-rate="1" complexity="6">
              <lines>
                <line number="135" hits="16" branch="False" />
                <line number="137" hits="16" branch="False" />
                <line number="143" hits="16" branch="True" condition-coverage="100% (2/2)">
                  <conditions>
                    <condition number="68" type="jump" coverage="100%" />
                  </conditions>
                </line>
                <line number="144" hits="1" branch="False" />
                <line number="145" hits="1" branch="False" />
                <line number="146" hits="1" branch="False" />
                <line number="147" hits="1" branch="False" />
                <line number="148" hits="1" branch="False" />
                <line number="149" hits="1" branch="False" />
                <line number="151" hits="15" branch="False" />
                <line number="152" hits="15" branch="False" />
                <line number="153" hits="15" branch="False" />
                <line number="155" hits="16" branch="True" condition-coverage="100% (2/2)">
                  <conditions>
                    <condition number="203" type="jump" coverage="100%" />
                  </conditions>
                </line>
                <line number="156" hits="2" branch="False" />
                <line number="157" hits="2" branch="False" />
                <line number="158" hits="2" branch="False" />
                <line number="159" hits="18" branch="True" condition-coverage="100% (2/2)">
                  <conditions>
                    <condition number="381" type="jump" coverage="100%" />
                  </conditions>
                </line>
                <line number="160" hits="2" branch="False" />
                <line number="161" hits="2" branch="False" />
                <line number="165" hits="16" branch="False" />
                <line number="166" hits="16" branch="False" />
                <line number="168" hits="16" branch="False" />
                <line number="169" hits="16" branch="False" />
                <line number="170" hits="16" branch="False" />
                <line number="171" hits="16" branch="False" />
                <line number="172" hits="16" branch="False" />
                <line number="173" hits="16" branch="False" />
                <line number="174" hits="16" branch="False" />
                <line number="175" hits="16" branch="False" />
                <line number="176" hits="16" branch="False" />
                <line number="177" hits="16" branch="False" />
                <line number="178" hits="16" branch="False" />
                <line number="179" hits="16" branch="False" />
                <line number="180" hits="16" branch="False" />
                <line number="181" hits="16" branch="False" />
                <line number="182" hits="16" branch="False" />
                <line number="183" hits="16" branch="False" />
                <line number="184" hits="16" branch="False" />
                <line number="185" hits="16" branch="False" />
                <line number="186" hits="16" branch="False" />
                <line number="187" hits="16" branch="False" />
                <line number="188" hits="16" branch="False" />
                <line number="189" hits="16" branch="False" />
                <line number="190" hits="16" branch="False" />
                <line number="191" hits="16" branch="False" />
                <line number="192" hits="16" branch="False" />
                <line number="193" hits="16" branch="False" />
                <line number="194" hits="16" branch="False" />
                <line number="195" hits="16" branch="False" />
                <line number="196" hits="16" branch="False" />
                <line number="198" hits="16" branch="False" />
              </lines>
            </method>
            <method name="Update" signature="(DeviceManagement.Api.Models.Device)" line-rate="0" branch-rate="1" complexity="1">
              <lines>
                <line number="201" hits="0" branch="False" />
                <line number="202" hits="0" branch="False" />
              </lines>
            </method>
            <method name="UpdateDevice" signature="(System.Int64,DeviceManagement.Api.DTOs.UpdateDeviceDto)" line-rate="0.94" branch-rate="0.875" complexity="8">
              <lines>
                <line number="206" hits="5" branch="False" />
                <line number="207" hits="5" branch="False" />
                <line number="208" hits="5" branch="False" />
                <line number="209" hits="4" branch="True" condition-coverage="100% (2/2)">
                  <conditions>
                    <condition number="189" type="jump" coverage="100%" />
                  </conditions>
                </line>
                <line number="210" hits="1" branch="False" />
                <line number="211" hits="1" branch="False" />
                <line number="212" hits="1" branch="False" />
                <line number="215" hits="3" branch="False" />
                <line number="216" hits="3" branch="False" />
                <line number="217" hits="3" branch="False" />
                <line number="218" hits="3" branch="False" />
                <line number="219" hits="3" branch="False" />
                <line number="220" hits="3" branch="True" condition-coverage="100% (2/2)">
                  <conditions>
                    <condition number="473" type="jump" coverage="100%" />
                  </conditions>
                </line>
                <line number="221" hits="1" branch="False" />
                <line number="222" hits="1" branch="False" />
                <line number="226" hits="2" branch="False" />
                <line number="227" hits="2" branch="False" />
                <line number="228" hits="2" branch="False" />
                <line number="230" hits="2" branch="True" condition-coverage="50% (1/2)">
                  <conditions>
                    <condition number="643" type="jump" coverage="50%" />
                  </conditions>
                </line>
                <line number="231" hits="0" branch="False" />
                <line number="232" hits="0" branch="False" />
                <line number="233" hits="0" branch="False" />
                <line number="236" hits="2" branch="False" />
                <line number="237" hits="2" branch="False" />
                <line number="238" hits="2" branch="False" />
                <line number="240" hits="2" branch="False" />
                <line number="241" hits="2" branch="False" />
                <line number="242" hits="2" branch="False" />
                <line number="244" hits="2" branch="False" />
                <line number="245" hits="2" branch="False" />
                <line number="246" hits="2" branch="False" />
                <line number="248" hits="2" branch="True" condition-coverage="100% (2/2)">
                  <conditions>
                    <condition number="887" type="jump" coverage="100%" />
                  </conditions>
                </line>
                <line number="249" hits="1" branch="False" />
                <line number="250" hits="1" branch="False" />
                <line number="251" hits="1" branch="False" />
                <line number="252" hits="1" branch="False" />
                <line number="256" hits="1" branch="False" />
                <line number="257" hits="1" branch="False" />
                <line number="258" hits="1" branch="False" />
                <line number="259" hits="1" branch="False" />
                <line number="260" hits="1" branch="False" />
                <line number="262" hits="1" branch="False" />
                <line number="264" hits="1" branch="False" />
                <line number="267" hits="1" branch="False" />
                <line number="269" hits="1" branch="False" />
                <line number="270" hits="1" branch="False" />
                <line number="271" hits="1" branch="False" />
                <line number="272" hits="1" branch="False" />
                <line number="274" hits="1" branch="False" />
                <line number="277" hits="1" branch="False" />
              </lines>
            </method>
            <method name=".ctor" signature="(DeviceManagement.Api.Data.AppDbContext,Microsoft.Extensions.Logging.ILogger`1&lt;DeviceManagement.Api.Services.DeviceService&gt;,AutoMapper.IMapper)" line-rate="1" branch-rate="0.5" complexity="2">
              <lines>
                <line number="23" hits="68" branch="False" />
                <line number="24" hits="68" branch="False" />
                <line number="25" hits="68" branch="False" />
                <line number="26" hits="68" branch="False" />
                <line number="27" hits="68" branch="False" />
                <line number="28" hits="68" branch="True" condition-coverage="50% (1/2)">
                  <conditions>
                    <condition number="18" type="jump" coverage="50%" />
                  </conditions>
                </line>
                <line number="29" hits="68" branch="False" />
                <line number="30" hits="68" branch="False" />
              </lines>
            </method>
          </methods>
          <lines>
            <line number="33" hits="28" branch="False" />
            <line number="35" hits="28" branch="False" />
            <line number="36" hits="28" branch="False" />
            <line number="37" hits="28" branch="False" />
            <line number="38" hits="28" branch="False" />
            <line number="39" hits="28" branch="True" condition-coverage="100% (2/2)">
              <conditions>
                <condition number="184" type="jump" coverage="100%" />
              </conditions>
            </line>
            <line number="40" hits="1" branch="False" />
            <line number="41" hits="1" branch="False" />
            <line number="44" hits="27" branch="False" />
            <line number="45" hits="27" branch="False" />
            <line number="46" hits="27" branch="False" />
            <line number="47" hits="27" branch="False" />
            <line number="48" hits="27" branch="False" />
            <line number="49" hits="27" branch="False" />
            <line number="50" hits="27" branch="False" />
            <line number="51" hits="27" branch="False" />
            <line number="54" hits="27" branch="False" />
            <line number="55" hits="27" branch="False" />
            <line number="56" hits="27" branch="True" condition-coverage="100% (2/2)">
              <conditions>
                <condition number="451" type="jump" coverage="100%" />
              </conditions>
            </line>
            <line number="57" hits="1" branch="False" />
            <line number="58" hits="1" branch="False" />
            <line number="61" hits="26" branch="False" />
            <line number="62" hits="26" branch="False" />
            <line number="63" hits="26" branch="True" condition-coverage="100% (2/2)">
              <conditions>
                <condition number="621" type="jump" coverage="100%" />
              </conditions>
            </line>
            <line number="64" hits="1" branch="False" />
            <line number="65" hits="1" branch="False" />
            <line number="68" hits="25" branch="False" />
            <line number="69" hits="25" branch="False" />
            <line number="71" hits="25" branch="False" />
            <line number="72" hits="25" branch="False" />
            <line number="73" hits="25" branch="False" />
            <line number="74" hits="25" branch="False" />
            <line number="76" hits="25" branch="False" />
            <line number="78" hits="25" branch="False" />
            <line number="81" hits="0" branch="False" />
            <line number="83" hits="0" branch="False" />
            <line number="87" hits="0" branch="False" />
            <line number="88" hits="0" branch="False" />
            <line number="92" hits="6" branch="False" />
            <line number="93" hits="6" branch="False" />
            <line number="94" hits="6" branch="True" condition-coverage="100% (2/2)">
              <conditions>
                <condition number="130" type="jump" coverage="100%" />
              </conditions>
            </line>
            <line number="95" hits="2" branch="False" />
            <line number="96" hits="2" branch="False" />
            <line number="98" hits="4" branch="True" condition-coverage="50% (1/2)">
              <conditions>
                <condition number="148" type="jump" coverage="50%" />
              </conditions>
            </line>
            <line number="99" hits="0" branch="False" />
            <line number="100" hits="0" branch="False" />
            <line number="104" hits="4" branch="False" />
            <line number="105" hits="4" branch="False" />
            <line number="107" hits="4" branch="False" />
            <line number="108" hits="4" branch="False" />
            <line number="109" hits="6" branch="False" />
            <line number="112" hits="0" branch="False" />
            <line number="113" hits="0" branch="False" />
            <line number="119" hits="16" branch="False" />
            <line number="120" hits="16" branch="True" condition-coverage="83.33% (5/6)">
              <conditions>
                <condition number="8" type="jump" coverage="100%" />
                <condition number="35" type="jump" coverage="100%" />
                <condition number="48" type="jump" coverage="50%" />
              </conditions>
            </line>
            <line number="121" hits="16" branch="False" />
            <line number="122" hits="1" branch="True" condition-coverage="50% (1/2)">
              <conditions>
                <condition number="64" type="jump" coverage="50%" />
              </conditions>
            </line>
            <line number="123" hits="1" branch="False" />
            <line number="124" hits="1" branch="False" />
            <line number="125" hits="16" branch="False" />
            <line number="126" hits="0" branch="True" condition-coverage="0% (0/2)">
              <conditions>
                <condition number="206" type="jump" coverage="0%" />
              </conditions>
            </line>
            <line number="127" hits="0" branch="False" />
            <line number="128" hits="0" branch="False" />
            <line number="129" hits="16" branch="False" />
            <line number="130" hits="15" branch="False" />
            <line number="131" hits="16" branch="False" />
            <line number="132" hits="16" branch="False" />
            <line number="135" hits="16" branch="False" />
            <line number="137" hits="16" branch="False" />
            <line number="143" hits="16" branch="True" condition-coverage="100% (2/2)">
              <conditions>
                <condition number="68" type="jump" coverage="100%" />
              </conditions>
            </line>
            <line number="144" hits="1" branch="False" />
            <line number="145" hits="1" branch="False" />
            <line number="146" hits="1" branch="False" />
            <line number="147" hits="1" branch="False" />
            <line number="148" hits="1" branch="False" />
            <line number="149" hits="1" branch="False" />
            <line number="151" hits="15" branch="False" />
            <line number="152" hits="15" branch="False" />
            <line number="153" hits="15" branch="False" />
            <line number="155" hits="16" branch="True" condition-coverage="100% (2/2)">
              <conditions>
                <condition number="203" type="jump" coverage="100%" />
              </conditions>
            </line>
            <line number="156" hits="2" branch="False" />
            <line number="157" hits="2" branch="False" />
            <line number="158" hits="2" branch="False" />
            <line number="159" hits="18" branch="True" condition-coverage="100% (2/2)">
              <conditions>
                <condition number="381" type="jump" coverage="100%" />
              </conditions>
            </line>
            <line number="160" hits="2" branch="False" />
            <line number="161" hits="2" branch="False" />
            <line number="165" hits="16" branch="False" />
            <line number="166" hits="16" branch="False" />
            <line number="168" hits="16" branch="False" />
            <line number="169" hits="16" branch="False" />
            <line number="170" hits="16" branch="False" />
            <line number="171" hits="16" branch="False" />
            <line number="172" hits="16" branch="False" />
            <line number="173" hits="16" branch="False" />
            <line number="174" hits="16" branch="False" />
            <line number="175" hits="16" branch="False" />
            <line number="176" hits="16" branch="False" />
            <line number="177" hits="16" branch="False" />
            <line number="178" hits="16" branch="False" />
            <line number="179" hits="16" branch="False" />
            <line number="180" hits="16" branch="False" />
            <line number="181" hits="16" branch="False" />
            <line number="182" hits="16" branch="False" />
            <line number="183" hits="16" branch="False" />
            <line number="184" hits="16" branch="False" />
            <line number="185" hits="16" branch="False" />
            <line number="186" hits="16" branch="False" />
            <line number="187" hits="16" branch="False" />
            <line number="188" hits="16" branch="False" />
            <line number="189" hits="16" branch="False" />
            <line number="190" hits="16" branch="False" />
            <line number="191" hits="16" branch="False" />
            <line number="192" hits="16" branch="False" />
            <line number="193" hits="16" branch="False" />
            <line number="194" hits="16" branch="False" />
            <line number="195" hits="16" branch="False" />
            <line number="196" hits="16" branch="False" />
            <line number="198" hits="16" branch="False" />
            <line number="201" hits="0" branch="False" />
            <line number="202" hits="0" branch="False" />
            <line number="206" hits="5" branch="False" />
            <line number="207" hits="5" branch="False" />
            <line number="208" hits="5" branch="False" />
            <line number="209" hits="4" branch="True" condition-coverage="100% (2/2)">
              <conditions>
                <condition number="189" type="jump" coverage="100%" />
              </conditions>
            </line>
            <line number="210" hits="1" branch="False" />
            <line number="211" hits="1" branch="False" />
            <line number="212" hits="1" branch="False" />
            <line number="215" hits="3" branch="False" />
            <line number="216" hits="3" branch="False" />
            <line number="217" hits="3" branch="False" />
            <line number="218" hits="3" branch="False" />
            <line number="219" hits="3" branch="False" />
            <line number="220" hits="3" branch="True" condition-coverage="100% (2/2)">
              <conditions>
                <condition number="473" type="jump" coverage="100%" />
              </conditions>
            </line>
            <line number="221" hits="1" branch="False" />
            <line number="222" hits="1" branch="False" />
            <line number="226" hits="2" branch="False" />
            <line number="227" hits="2" branch="False" />
            <line number="228" hits="2" branch="False" />
            <line number="230" hits="2" branch="True" condition-coverage="50% (1/2)">
              <conditions>
                <condition number="643" type="jump" coverage="50%" />
              </conditions>
            </line>
            <line number="231" hits="0" branch="False" />
            <line number="232" hits="0" branch="False" />
            <line number="233" hits="0" branch="False" />
            <line number="236" hits="2" branch="False" />
            <line number="237" hits="2" branch="False" />
            <line number="238" hits="2" branch="False" />
            <line number="240" hits="2" branch="False" />
            <line number="241" hits="2" branch="False" />
            <line number="242" hits="2" branch="False" />
            <line number="244" hits="2" branch="False" />
            <line number="245" hits="2" branch="False" />
            <line number="246" hits="2" branch="False" />
            <line number="248" hits="2" branch="True" condition-coverage="100% (2/2)">
              <conditions>
                <condition number="887" type="jump" coverage="100%" />
              </conditions>
            </line>
            <line number="249" hits="1" branch="False" />
            <line number="250" hits="1" branch="False" />
            <line number="251" hits="1" branch="False" />
            <line number="252" hits="1" branch="False" />
            <line number="256" hits="1" branch="False" />
            <line number="257" hits="1" branch="False" />
            <line number="258" hits="1" branch="False" />
            <line number="259" hits="1" branch="False" />
            <line number="260" hits="1" branch="False" />
            <line number="262" hits="1" branch="False" />
            <line number="264" hits="1" branch="False" />
            <line number="267" hits="1" branch="False" />
            <line number="269" hits="1" branch="False" />
            <line number="270" hits="1" branch="False" />
            <line number="271" hits="1" branch="False" />
            <line number="272" hits="1" branch="False" />
            <line number="274" hits="1" branch="False" />
            <line number="277" hits="1" branch="False" />
            <line number="23" hits="68" branch="False" />
            <line number="24" hits="68" branch="False" />
            <line number="25" hits="68" branch="False" />
            <line number="26" hits="68" branch="False" />
            <line number="27" hits="68" branch="False" />
            <line number="28" hits="68" branch="True" condition-coverage="50% (1/2)">
              <conditions>
                <condition number="18" type="jump" coverage="50%" />
              </conditions>
            </line>
            <line number="29" hits="68" branch="False" />
            <line number="30" hits="68" branch="False" />
          </lines>
        </class>
        <class name="DeviceManagement.Api.Services.JwtService" filename="Services\JwtService.cs" line-rate="1" branch-rate="1" complexity="2">
          <methods>
            <method name="GenerateToken" signature="(DeviceManagement.Api.Models.User)" line-rate="1" branch-rate="1" complexity="1">
              <lines>
                <line number="21" hits="49" branch="False" />
                <line number="22" hits="49" branch="False" />
                <line number="24" hits="49" branch="False" />
                <line number="25" hits="49" branch="False" />
                <line number="26" hits="49" branch="False" />
                <line number="28" hits="49" branch="False" />
                <line number="29" hits="49" branch="False" />
                <line number="30" hits="49" branch="False" />
                <line number="31" hits="49" branch="False" />
                <line number="32" hits="49" branch="False" />
                <line number="33" hits="49" branch="False" />
                <line number="34" hits="49" branch="False" />
                <line number="36" hits="49" branch="False" />
                <line number="37" hits="49" branch="False" />
                <line number="38" hits="49" branch="False" />
                <line number="39" hits="49" branch="False" />
                <line number="40" hits="49" branch="False" />
                <line number="41" hits="49" branch="False" />
                <line number="43" hits="49" branch="False" />
                <line number="44" hits="49" branch="False" />
                <line number="45" hits="49" branch="False" />
                <line number="46" hits="49" branch="False" />
                <line number="47" hits="49" branch="False" />
                <line number="48" hits="49" branch="False" />
                <line number="50" hits="49" branch="False" />
                <line number="51" hits="49" branch="False" />
                <line number="53" hits="49" branch="False" />
                <line number="54" hits="49" branch="False" />
                <line number="55" hits="49" branch="False" />
                <line number="56" hits="49" branch="False" />
                <line number="57" hits="49" branch="False" />
                <line number="58" hits="49" branch="False" />
                <line number="59" hits="49" branch="False" />
                <line number="62" hits="49" branch="False" />
              </lines>
            </method>
            <method name=".ctor" signature="(Microsoft.Extensions.Configuration.IConfiguration)" line-rate="1" branch-rate="1" complexity="1">
              <lines>
                <line number="16" hits="52" branch="False" />
                <line number="17" hits="52" branch="False" />
                <line number="18" hits="52" branch="False" />
                <line number="19" hits="52" branch="False" />
              </lines>
            </method>
          </methods>
          <lines>
            <line number="21" hits="49" branch="False" />
            <line number="22" hits="49" branch="False" />
            <line number="24" hits="49" branch="False" />
            <line number="25" hits="49" branch="False" />
            <line number="26" hits="49" branch="False" />
            <line number="28" hits="49" branch="False" />
            <line number="29" hits="49" branch="False" />
            <line number="30" hits="49" branch="False" />
            <line number="31" hits="49" branch="False" />
            <line number="32" hits="49" branch="False" />
            <line number="33" hits="49" branch="False" />
            <line number="34" hits="49" branch="False" />
            <line number="36" hits="49" branch="False" />
            <line number="37" hits="49" branch="False" />
            <line number="38" hits="49" branch="False" />
            <line number="39" hits="49" branch="False" />
            <line number="40" hits="49" branch="False" />
            <line number="41" hits="49" branch="False" />
            <line number="43" hits="49" branch="False" />
            <line number="44" hits="49" branch="False" />
            <line number="45" hits="49" branch="False" />
            <line number="46" hits="49" branch="False" />
            <line number="47" hits="49" branch="False" />
            <line number="48" hits="49" branch="False" />
            <line number="50" hits="49" branch="False" />
            <line number="51" hits="49" branch="False" />
            <line number="53" hits="49" branch="False" />
            <line number="54" hits="49" branch="False" />
            <line number="55" hits="49" branch="False" />
            <line number="56" hits="49" branch="False" />
            <line number="57" hits="49" branch="False" />
            <line number="58" hits="49" branch="False" />
            <line number="59" hits="49" branch="False" />
            <line number="62" hits="49" branch="False" />
            <line number="16" hits="52" branch="False" />
            <line number="17" hits="52" branch="False" />
            <line number="18" hits="52" branch="False" />
            <line number="19" hits="52" branch="False" />
          </lines>
        </class>
        <class name="DeviceManagement.Api.Services.NotFoundException" filename="Services\NotFoundException.cs" line-rate="0.3333" branch-rate="1" complexity="3">
          <methods>
            <method name=".ctor" signature="()" line-rate="0" branch-rate="1" complexity="1">
              <lines>
                <line number="7" hits="0" branch="False" />
                <line number="8" hits="0" branch="False" />
                <line number="9" hits="0" branch="False" />
              </lines>
            </method>
            <method name=".ctor" signature="(System.String)" line-rate="1" branch-rate="1" complexity="1">
              <lines>
                <line number="11" hits="5" branch="False" />
                <line number="12" hits="5" branch="False" />
                <line number="13" hits="5" branch="False" />
              </lines>
            </method>
            <method name=".ctor" signature="(System.String,System.Exception)" line-rate="0" branch-rate="1" complexity="1">
              <lines>
                <line number="15" hits="0" branch="False" />
                <line number="16" hits="0" branch="False" />
                <line number="17" hits="0" branch="False" />
              </lines>
            </method>
          </methods>
          <lines>
            <line number="7" hits="0" branch="False" />
            <line number="8" hits="0" branch="False" />
            <line number="9" hits="0" branch="False" />
            <line number="11" hits="5" branch="False" />
            <line number="12" hits="5" branch="False" />
            <line number="13" hits="5" branch="False" />
            <line number="15" hits="0" branch="False" />
            <line number="16" hits="0" branch="False" />
            <line number="17" hits="0" branch="False" />
          </lines>
        </class>
        <class name="DeviceManagement.Api.Models.Category" filename="Models\Category.cs" line-rate="1" branch-rate="1" complexity="4">
          <methods>
            <method name="get_Id" signature="()" line-rate="1" branch-rate="1" complexity="1">
              <lines>
                <line number="5" hits="3" branch="False" />
              </lines>
            </method>
            <method name="get_Name" signature="()" line-rate="1" branch-rate="1" complexity="1">
              <lines>
                <line number="6" hits="90" branch="False" />
              </lines>
            </method>
            <method name="get_Devices" signature="()" line-rate="1" branch-rate="1" complexity="1">
              <lines>
                <line number="7" hits="60" branch="False" />
              </lines>
            </method>
            <method name="get_IsDeleted" signature="()" line-rate="1" branch-rate="1" complexity="1">
              <lines>
                <line number="9" hits="60" branch="False" />
              </lines>
            </method>
          </methods>
          <lines>
            <line number="5" hits="3" branch="False" />
            <line number="6" hits="90" branch="False" />
            <line number="7" hits="60" branch="False" />
            <line number="9" hits="60" branch="False" />
          </lines>
        </class>
        <class name="DeviceManagement.Api.Models.Device" filename="Models\Device.cs" line-rate="1" branch-rate="1" complexity="10">
          <methods>
            <method name="get_Id" signature="()" line-rate="1" branch-rate="1" complexity="1">
              <lines>
                <line number="5" hits="56" branch="False" />
              </lines>
            </method>
            <method name="get_Name" signature="()" line-rate="1" branch-rate="1" complexity="1">
              <lines>
                <line number="6" hits="89" branch="False" />
              </lines>
            </method>
            <method name="get_Status" signature="()" line-rate="1" branch-rate="1" complexity="1">
              <lines>
                <line number="7" hits="86" branch="False" />
              </lines>
            </method>
            <method name="get_IsDeleted" signature="()" line-rate="1" branch-rate="1" complexity="1">
              <lines>
                <line number="9" hits="63" branch="False" />
              </lines>
            </method>
            <method name="get_CategoryId" signature="()" line-rate="1" branch-rate="1" complexity="1">
              <lines>
                <line number="11" hits="59" branch="False" />
              </lines>
            </method>
            <method name="get_Category" signature="()" line-rate="1" branch-rate="1" complexity="1">
              <lines>
                <line number="13" hits="96" branch="False" />
              </lines>
            </method>
            <method name="get_EmployeeId" signature="()" line-rate="1" branch-rate="1" complexity="1">
              <lines>
                <line number="14" hits="59" branch="False" />
              </lines>
            </method>
            <method name="get_Employee" signature="()" line-rate="1" branch-rate="1" complexity="1">
              <lines>
                <line number="16" hits="96" branch="False" />
              </lines>
            </method>
            <method name="get_CreatedAt" signature="()" line-rate="1" branch-rate="1" complexity="1">
              <lines>
                <line number="18" hits="87" branch="False" />
              </lines>
            </method>
            <method name="get_UpdatedAt" signature="()" line-rate="1" branch-rate="1" complexity="1">
              <lines>
                <line number="20" hits="65" branch="False" />
              </lines>
            </method>
          </methods>
          <lines>
            <line number="5" hits="56" branch="False" />
            <line number="6" hits="89" branch="False" />
            <line number="7" hits="86" branch="False" />
            <line number="9" hits="63" branch="False" />
            <line number="11" hits="59" branch="False" />
            <line number="13" hits="96" branch="False" />
            <line number="14" hits="59" branch="False" />
            <line number="16" hits="96" branch="False" />
            <line number="18" hits="87" branch="False" />
            <line number="20" hits="65" branch="False" />
          </lines>
        </class>
        <class name="DeviceManagement.Api.Models.DeviceProfile" filename="Models\DeviceProfile.cs" line-rate="1" branch-rate="1" complexity="1">
          <methods>
            <method name=".ctor" signature="()" line-rate="1" branch-rate="1" complexity="1">
              <lines>
                <line number="8" hits="12" branch="False" />
                <line number="9" hits="6" branch="False" />
                <line number="10" hits="6" branch="False" />
                <line number="11" hits="6" branch="False" />
                <line number="12" hits="6" branch="False" />
                <line number="13" hits="6" branch="False" />
                <line number="14" hits="6" branch="False" />
                <line number="15" hits="6" branch="False" />
                <line number="16" hits="6" branch="False" />
                <line number="17" hits="12" branch="False" />
                <line number="22" hits="6" branch="False" />
              </lines>
            </method>
          </methods>
          <lines>
            <line number="8" hits="12" branch="False" />
            <line number="9" hits="6" branch="False" />
            <line number="10" hits="6" branch="False" />
            <line number="11" hits="6" branch="False" />
            <line number="12" hits="6" branch="False" />
            <line number="13" hits="6" branch="False" />
            <line number="14" hits="6" branch="False" />
            <line number="15" hits="6" branch="False" />
            <line number="16" hits="6" branch="False" />
            <line number="17" hits="12" branch="False" />
            <line number="22" hits="6" branch="False" />
          </lines>
        </class>
        <class name="DeviceManagement.Api.Models.DeviceQuery" filename="Models\DeviceQuery.cs" line-rate="1" branch-rate="1" complexity="7">
          <methods>
            <method name="get_Name" signature="()" line-rate="1" branch-rate="1" complexity="1">
              <lines>
                <line number="5" hits="70" branch="False" />
              </lines>
            </method>
            <method name="get_Status" signature="()" line-rate="1" branch-rate="1" complexity="1">
              <lines>
                <line number="6" hits="70" branch="False" />
              </lines>
            </method>
            <method name="get_IsDeleted" signature="()" line-rate="1" branch-rate="1" complexity="1">
              <lines>
                <line number="8" hits="65" branch="False" />
              </lines>
            </method>
            <method name="get_Page" signature="()" line-rate="1" branch-rate="1" complexity="1">
              <lines>
                <line number="10" hits="101" branch="False" />
              </lines>
            </method>
            <method name="get_PageSize" signature="()" line-rate="1" branch-rate="1" complexity="1">
              <lines>
                <line number="11" hits="122" branch="False" />
              </lines>
            </method>
            <method name="get_SortBy" signature="()" line-rate="1" branch-rate="1" complexity="1">
              <lines>
                <line number="13" hits="65" branch="False" />
              </lines>
            </method>
            <method name="get_IsDescending" signature="()" line-rate="1" branch-rate="1" complexity="1">
              <lines>
                <line number="15" hits="49" branch="False" />
              </lines>
            </method>
          </methods>
          <lines>
            <line number="5" hits="70" branch="False" />
            <line number="6" hits="70" branch="False" />
            <line number="8" hits="65" branch="False" />
            <line number="10" hits="101" branch="False" />
            <line number="11" hits="122" branch="False" />
            <line number="13" hits="65" branch="False" />
            <line number="15" hits="49" branch="False" />
          </lines>
        </class>
        <class name="DeviceManagement.Api.Models.Employee" filename="Models\Employee.cs" line-rate="1" branch-rate="1" complexity="4">
          <methods>
            <method name="get_Id" signature="()" line-rate="1" branch-rate="1" complexity="1">
              <lines>
                <line number="5" hits="2" branch="False" />
              </lines>
            </method>
            <method name="get_Name" signature="()" line-rate="1" branch-rate="1" complexity="1">
              <lines>
                <line number="6" hits="89" branch="False" />
              </lines>
            </method>
            <method name="get_Devices" signature="()" line-rate="1" branch-rate="1" complexity="1">
              <lines>
                <line number="7" hits="60" branch="False" />
              </lines>
            </method>
            <method name="get_IsDeleted" signature="()" line-rate="1" branch-rate="1" complexity="1">
              <lines>
                <line number="9" hits="60" branch="False" />
              </lines>
            </method>
[...]
            <line number="14" hits="67" branch="False" />
            <line number="16" hits="69" branch="False" />
          </lines>
        </class>
        <class name="DeviceManagement.Api.DTOs.Auth.LoginRequestDto" filename="DTOs\Auth\LoginRequestDto.cs" line-rate="1" branch-rate="1" complexity="2">
          <methods>
            <method name="get_Username" signature="()" line-rate="1" branch-rate="1" complexity="1">
              <lines>
                <line number="5" hits="453" branch="False" />
              </lines>
            </method>
            <method name="get_Password" signature="()" line-rate="1" branch-rate="1" complexity="1">
              <lines>
                <line number="6" hits="399" branch="False" />
              </lines>
            </method>
          </methods>
          <lines>
            <line number="5" hits="453" branch="False" />
            <line number="6" hits="399" branch="False" />
          </lines>
        </class>
        <class name="DeviceManagement.Api.DTOs.Auth.LoginResponseDto" filename="DTOs\Auth\LoginResponseDto.cs" line-rate="1" branch-rate="1" complexity="4">
          <methods>
            <method name="get_Token" signature="()" line-rate="1" branch-rate="1" complexity="1">
              <lines>
                <line number="5" hits="292" branch="False" />
              </lines>
            </method>
            <method name="get_ExpiresAt" signature="()" line-rate="1" branch-rate="1" complexity="1">
              <lines>
                <line number="6" hits="146" branch="False" />
              </lines>
            </method>
            <method name="get_Username" signature="()" line-rate="1" branch-rate="1" complexity="1">
              <lines>
                <line number="8" hits="243" branch="False" />
              </lines>
            </method>
            <method name="get_Role" signature="()" line-rate="1" branch-rate="1" complexity="1">
              <lines>
                <line number="9" hits="243" branch="False" />
              </lines>
            </method>
          </methods>
          <lines>
            <line number="5" hits="292" branch="False" />
            <line number="6" hits="146" branch="False" />
            <line number="8" hits="243" branch="False" />
            <line number="9" hits="243" branch="False" />
          </lines>
        </class>
        <class name="DeviceManagement.Api.Data.AppDbContext" filename="Data\AppDbContext.cs" line-rate="1" branch-rate="1" complexity="6">
          <methods>
            <method name="get_Devices" signature="()" line-rate="1" branch-rate="1" complexity="1">
              <lines>
                <line number="9" hits="303" branch="False" />
              </lines>
            </method>
            <method name="get_Categories" signature="()" line-rate="1" branch-rate="1" complexity="1">
              <lines>
                <line number="10" hits="189" branch="False" />
              </lines>
            </method>
            <method name="get_Employees" signature="()" line-rate="1" branch-rate="1" complexity="1">
              <lines>
                <line number="12" hits="190" branch="False" />
              </lines>
            </method>
            <method name="get_Users" signature="()" line-rate="1" branch-rate="1" complexity="1">
              <lines>
                <line number="14" hits="51" branch="False" />
              </lines>
            </method>
            <method name="OnModelCreating" signature="(Microsoft.EntityFrameworkCore.ModelBuilder)" line-rate="1" branch-rate="1" complexity="1">
              <lines>
                <line number="21" hits="1" branch="False" />
                <line number="22" hits="1" branch="False" />
                <line number="24" hits="1" branch="False" />
                <line number="25" hits="1" branch="False" />
                <line number="26" hits="1" branch="False" />
                <line number="27" hits="1" branch="False" />
                <line number="28" hits="1" branch="False" />
                <line number="30" hits="1" branch="False" />
                <line number="31" hits="1" branch="False" />
                <line number="32" hits="1" branch="False" />
                <line number="33" hits="1" branch="False" />
                <line number="34" hits="1" branch="False" />
                <line number="37" hits="1" branch="False" />
                <line number="38" hits="1" branch="False" />
                <line number="40" hits="1" branch="False" />
                <line number="41" hits="1" branch="False" />
                <line number="42" hits="1" branch="False" />
                <line number="43" hits="1" branch="False" />
                <line number="44" hits="1" branch="False" />
                <line number="46" hits="1" branch="False" />
                <line number="47" hits="1" branch="False" />
                <line number="48" hits="1" branch="False" />
                <line number="49" hits="1" branch="False" />
                <line number="50" hits="1" branch="False" />
                <line number="52" hits="1" branch="False" />
                <line number="53" hits="1" branch="False" />
                <line number="54" hits="1" branch="False" />
                <line number="55" hits="1" branch="False" />
                <line number="56" hits="1" branch="False" />
                <line number="57" hits="1" branch="False" />
                <line number="58" hits="1" branch="False" />
                <line number="59" hits="1" branch="False" />
                <line number="60" hits="1" branch="False" />
                <line number="61" hits="1" branch="False" />
                <line number="62" hits="1" branch="False" />
                <line number="63" hits="1" branch="False" />
                <line number="64" hits="1" branch="False" />
                <line number="65" hits="1" branch="False" />
                <line number="66" hits="1" branch="False" />
                <line number="67" hits="1" branch="False" />
                <line number="68" hits="1" branch="False" />
                <line number="69" hits="1" branch="False" />
                <line number="70" hits="1" branch="False" />
                <line number="71" hits="1" branch="False" />
                <line number="72" hits="1" branch="False" />
                <line number="73" hits="1" branch="False" />
                <line number="74" hits="1" branch="False" />
                <line number="75" hits="1" branch="False" />
                <line number="76" hits="1" branch="False" />
                <line number="77" hits="1" branch="False" />
                <line number="78" hits="1" branch="False" />
                <line number="79" hits="1" branch="False" />
                <line number="80" hits="1" branch="False" />
                <line number="81" hits="1" branch="False" />
                <line number="82" hits="1" branch="False" />
                <line number="83" hits="1" branch="False" />
                <line number="84" hits="1" branch="False" />
                <line number="85" hits="1" branch="False" />
                <line number="86" hits="1" branch="False" />
                <line number="87" hits="1" branch="False" />
                <line number="88" hits="1" branch="False" />
                <line number="89" hits="1" branch="False" />
                <line number="90" hits="1" branch="False" />
                <line number="91" hits="1" branch="False" />
                <line number="92" hits="1" branch="False" />
                <line number="93" hits="1" branch="False" />
                <line number="94" hits="1" branch="False" />
                <line number="95" hits="1" branch="False" />
                <line number="96" hits="1" branch="False" />
                <line number="98" hits="1" branch="False" />
                <line number="99" hits="1" branch="False" />
                <line number="100" hits="1" branch="False" />
                <line number="101" hits="1" branch="False" />
                <line number="103" hits="1" branch="False" />
              </lines>
            </method>
            <method name=".ctor" signature="(Microsoft.EntityFrameworkCore.DbContextOptions`1&lt;DeviceManagement.Api.Data.AppDbContext&gt;)" line-rate="1" branch-rate="1" complexity="1">
              <lines>
                <line number="15" hits="161" branch="False" />
                <line number="16" hits="161" branch="False" />
                <line number="18" hits="161" branch="False" />
              </lines>
            </method>
          </methods>
          <lines>
            <line number="9" hits="303" branch="False" />
            <line number="10" hits="189" branch="False" />
            <line number="12" hits="190" branch="False" />
            <line number="14" hits="51" branch="False" />
            <line number="21" hits="1" branch="False" />
            <line number="22" hits="1" branch="False" />
            <line number="24" hits="1" branch="False" />
            <line number="25" hits="1" branch="False" />
            <line number="26" hits="1" branch="False" />
            <line number="27" hits="1" branch="False" />
            <line number="28" hits="1" branch="False" />
            <line number="30" hits="1" branch="False" />
            <line number="31" hits="1" branch="False" />
            <line number="32" hits="1" branch="False" />
            <line number="33" hits="1" branch="False" />
            <line number="34" hits="1" branch="False" />
            <line number="37" hits="1" branch="False" />
            <line number="38" hits="1" branch="False" />
            <line number="40" hits="1" branch="False" />
            <line number="41" hits="1" branch="False" />
            <line number="42" hits="1" branch="False" />
            <line number="43" hits="1" branch="False" />
            <line number="44" hits="1" branch="False" />
            <line number="46" hits="1" branch="False" />
            <line number="47" hits="1" branch="False" />
            <line number="48" hits="1" branch="False" />
            <line number="49" hits="1" branch="False" />
            <line number="50" hits="1" branch="False" />
            <line number="52" hits="1" branch="False" />
            <line number="53" hits="1" branch="False" />
            <line number="54" hits="1" branch="False" />
            <line number="55" hits="1" branch="False" />
            <line number="56" hits="1" branch="False" />
            <line number="57" hits="1" branch="False" />
            <line number="58" hits="1" branch="False" />
            <line number="59" hits="1" branch="False" />
            <line number="60" hits="1" branch="False" />
            <line number="61" hits="1" branch="False" />
            <line number="62" hits="1" branch="False" />
            <line number="63" hits="1" branch="False" />
            <line number="64" hits="1" branch="False" />
            <line number="65" hits="1" branch="False" />
            <line number="66" hits="1" branch="False" />
            <line number="67" hits="1" branch="False" />
            <line number="68" hits="1" branch="False" />
            <line number="69" hits="1" branch="False" />
            <line number="70" hits="1" branch="False" />
            <line number="71" hits="1" branch="False" />
            <line number="72" hits="1" branch="False" />
            <line number="73" hits="1" branch="False" />
            <line number="74" hits="1" branch="False" />
            <line number="75" hits="1" branch="False" />
            <line number="76" hits="1" branch="False" />
            <line number="77" hits="1" branch="False" />
            <line number="78" hits="1" branch="False" />
            <line number="79" hits="1" branch="False" />
            <line number="80" hits="1" branch="False" />
            <line number="81" hits="1" branch="False" />
            <line number="82" hits="1" branch="False" />
            <line number="83" hits="1" branch="False" />
            <line number="84" hits="1" branch="False" />
            <line number="85" hits="1" branch="False" />
            <line number="86" hits="1" branch="False" />
            <line number="87" hits="1" branch="False" />
            <line number="88" hits="1" branch="False" />
            <line number="89" hits="1" branch="False" />
            <line number="90" hits="1" branch="False" />
            <line number="91" hits="1" branch="False" />
            <line number="92" hits="1" branch="False" />
            <line number="93" hits="1" branch="False" />
            <line number="94" hits="1" branch="False" />
            <line number="95" hits="1" branch="False" />
            <line number="96" hits="1" branch="False" />
            <line number="98" hits="1" branch="False" />
            <line number="99" hits="1" branch="False" />
            <line number="100" hits="1" branch="False" />
            <line number="101" hits="1" branch="False" />
            <line number="103" hits="1" branch="False" />
            <line number="15" hits="161" branch="False" />
            <line number="16" hits="161" branch="False" />
            <line number="18" hits="161" branch="False" />
          </lines>
        </class>
        <class name="DeviceManagement.Api.Controllers.AuthController" filename="Controllers\AuthController.cs" line-rate="1" branch-rate="1" complexity="1">
          <methods>
            <method name=".ctor" signature="(DeviceManagement.Api.Services.Interfaces.IAuthService,Microsoft.Extensions.Logging.ILogger`1&lt;DeviceManagement.Api.Controllers.AuthController&gt;)" line-rate="1" branch-rate="1" complexity="1">
              <lines>
                <line number="16" hits="52" branch="False" />
                <line number="17" hits="52" branch="False" />
                <line number="18" hits="52" branch="False" />
                <line number="19" hits="52" branch="False" />
                <line number="20" hits="52" branch="False" />
              </lines>
            </method>
          </methods>
          <lines>
            <line number="16" hits="52" branch="False" />
            <line number="17" hits="52" branch="False" />
            <line number="18" hits="52" branch="False" />
            <line number="19" hits="52" branch="False" />
            <line number="20" hits="52" branch="False" />
          </lines>
        </class>
        <class name="DeviceManagement.Api.Controllers.AuthController/&lt;Login&gt;d__3" filename="Controllers\AuthController.cs" line-rate="1" branch-rate="1" complexity="1">
          <methods>
            <method name="MoveNext" signature="()" line-rate="1" branch-rate="1" complexity="1">
              <lines>
                <line number="24" hits="51" branch="False" />
                <line number="25" hits="51" branch="False" />
                <line number="26" hits="49" branch="False" />
                <line number="27" hits="49" branch="False" />
              </lines>
            </method>
          </methods>
          <lines>
            <line number="24" hits="51" branch="False" />
            <line number="25" hits="51" branch="False" />
            <line number="26" hits="49" branch="False" />
            <line number="27" hits="49" branch="False" />
          </lines>
        </class>
        <class name="DeviceManagement.Api.Controllers.DeviceController" filename="Controllers\DeviceController.cs" line-rate="1" branch-rate="1" complexity="6">
          <methods>
            <method name="GetDevices" signature="(DeviceManagement.Api.Models.DeviceQuery)" line-rate="1" branch-rate="1" complexity="1">
              <lines>
                <line number="30" hits="16" branch="False" />
                <line number="34" hits="16" branch="False" />
                <line number="35" hits="16" branch="False" />
                <line number="37" hits="16" branch="False" />
              </lines>
            </method>
            <method name="CreateDevice" signature="(DeviceManagement.Api.DTOs.CreateDeviceDto)" line-rate="1" branch-rate="1" complexity="1">
              <lines>
                <line number="42" hits="28" branch="False" />
                <line number="43" hits="28" branch="False" />
                <line number="46" hits="28" branch="False" />
                <line number="47" hits="25" branch="False" />
              </lines>
            </method>
            <method name="UpdateDevice" signature="(System.Int64,DeviceManagement.Api.DTOs.UpdateDeviceDto)" line-rate="1" branch-rate="1" complexity="1">
              <lines>
                <line number="52" hits="5" branch="False" />
                <line number="54" hits="5" branch="False" />
                <line number="56" hits="1" branch="False" />
                <line number="57" hits="1" branch="False" />
              </lines>
            </method>
            <method name="DeleteDevice" signature="(System.Int64)" line-rate="1" branch-rate="1" complexity="2">
              <lines>
                <line number="61" hits="6" branch="False" />
                <line number="62" hits="6" branch="False" />
                <line number="63" hits="8" branch="True" condition-coverage="100% (2/2)">
                  <conditions>
                    <condition number="20" type="jump" coverage="100%" />
                  </conditions>
                </line>
                <line number="64" hits="2" branch="False" />
                <line number="67" hits="4" branch="False" />
                <line number="68" hits="6" branch="False" />
              </lines>
            </method>
            <method name=".ctor" signature="(DeviceManagement.Api.Services.Interfaces.IDeviceService,Microsoft.Extensions.Logging.ILogger`1&lt;DeviceManagement.Api.Controllers.DeviceController&gt;)" line-rate="1" branch-rate="1" complexity="1">
              <lines>
                <line number="20" hits="68" branch="False" />
                <line number="21" hits="68" branch="False" />
                <line number="22" hits="68" branch="False" />
                <line number="23" hits="68" branch="False" />
                <line number="25" hits="68" branch="False" />
              </lines>
            </method>
          </methods>
          <lines>
            <line number="30" hits="16" branch="False" />
            <line number="34" hits="16" branch="False" />
            <line number="35" hits="16" branch="False" />
            <line number="37" hits="16" branch="False" />
            <line number="42" hits="28" branch="False" />
            <line number="43" hits="28" branch="False" />
            <line number="46" hits="28" branch="False" />
            <line number="47" hits="25" branch="False" />
            <line number="52" hits="5" branch="False" />
            <line number="54" hits="5" branch="False" />
            <line number="56" hits="1" branch="False" />
            <line number="57" hits="1" branch="False" />
            <line number="61" hits="6" branch="False" />
            <line number="62" hits="6" branch="False" />
            <line number="63" hits="8" branch="True" condition-coverage="100% (2/2)">
              <conditions>
                <condition number="20" type="jump" coverage="100%" />
              </conditions>
            </line>
            <line number="64" hits="2" branch="False" />
            <line number="67" hits="4" branch="False" />
            <line number="68" hits="6" branch="False" />
            <line number="20" hits="68" branch="False" />
            <line number="21" hits="68" branch="False" />
            <line number="22" hits="68" branch="False" />
            <line number="23" hits="68" branch="False" />
            <line number="25" hits="68" branch="False" />
          </lines>
        </class>
      </classes>
    </package>
  </packages>
</coverage>